<?xml version="1.0" encoding="UTF-8"?>
<testng-results skipped="0" failed="0" ignored="1" total="15" passed="14">
  <reporter-output>
  </reporter-output>
  <suite name="Suite" duration-ms="107" started-at="2021-12-29T02:09:46Z" finished-at="2021-12-29T02:09:46Z">
    <groups>
      <group name="reg">
        <method signature="Education.pg()[pri:0, instance:org.edu.Education@6e1ec318]" name="pg" class="org.edu.Education"/>
        <method signature="Medicine.dental()[pri:0, instance:org.edu.Medicine@67784306]" name="dental" class="org.edu.Medicine"/>
        <method signature="Medicine.mbbs()[pri:0, instance:org.edu.Medicine@67784306]" name="mbbs" class="org.edu.Medicine"/>
        <method signature="Engineering.bTech()[pri:0, instance:org.edu.Engineering@1d16f93d]" name="bTech" class="org.edu.Engineering"/>
      </group> <!-- reg -->
      <group name="smoke">
        <method signature="Education.ug()[pri:0, instance:org.edu.Education@6e1ec318]" name="ug" class="org.edu.Education"/>
        <method signature="Medicine.physio()[pri:0, instance:org.edu.Medicine@67784306]" name="physio" class="org.edu.Medicine"/>
        <method signature="Arts.bBA()[pri:0, instance:org.edu.Arts@4b4523f8]" name="bBA" class="org.edu.Arts"/>
        <method signature="Arts.bsc()[pri:0, instance:org.edu.Arts@4b4523f8]" name="bsc" class="org.edu.Arts"/>
        <method signature="Engineering.bE()[pri:0, instance:org.edu.Engineering@1d16f93d]" name="bE" class="org.edu.Engineering"/>
      </group> <!-- smoke -->
    </groups>
    <test name="Test1" duration-ms="86" started-at="2021-12-29T02:09:46Z" finished-at="2021-12-29T02:09:46Z">
      <class name="org.edu.Education">
        <test-method status="PASS" signature="pg()[pri:0, instance:org.edu.Education@6e1ec318]" name="pg" duration-ms="22" started-at="2021-12-29T02:09:46Z" finished-at="2021-12-29T02:09:46Z">
          <reporter-output>
          </reporter-output>
        </test-method> <!-- pg -->
        <test-method status="PASS" signature="ug()[pri:0, instance:org.edu.Education@6e1ec318]" name="ug" duration-ms="13" started-at="2021-12-29T02:09:46Z" finished-at="2021-12-29T02:09:46Z">
          <reporter-output>
          </reporter-output>
        </test-method> <!-- ug -->
      </class> <!-- org.edu.Education -->
    </test> <!-- Test1 -->
    <test name="Test3" duration-ms="107" started-at="2021-12-29T02:09:46Z" finished-at="2021-12-29T02:09:46Z">
      <class name="org.edu.Arts">
        <test-method status="PASS" signature="bBA()[pri:0, instance:org.edu.Arts@4b4523f8]" name="bBA" duration-ms="22" started-at="2021-12-29T02:09:46Z" finished-at="2021-12-29T02:09:46Z">
          <reporter-output>
          </reporter-output>
        </test-method> <!-- bBA -->
        <test-method status="PASS" signature="bEd()[pri:0, instance:org.edu.Arts@4b4523f8]" name="bEd" duration-ms="10" started-at="2021-12-29T02:09:46Z" finished-at="2021-12-29T02:09:46Z">
          <reporter-output>
          </reporter-output>
        </test-method> <!-- bEd -->
        <test-method status="PASS" signature="bEd()[pri:0, instance:org.edu.Arts@4b4523f8]" name="bEd" duration-ms="2" started-at="2021-12-29T02:09:46Z" finished-at="2021-12-29T02:09:46Z">
          <reporter-output>
          </reporter-output>
        </test-method> <!-- bEd -->
        <test-method status="PASS" signature="bEd()[pri:0, instance:org.edu.Arts@4b4523f8]" name="bEd" duration-ms="2" started-at="2021-12-29T02:09:46Z" finished-at="2021-12-29T02:09:46Z">
          <reporter-output>
          </reporter-output>
        </test-method> <!-- bEd -->
        <test-method status="PASS" signature="bEd()[pri:0, instance:org.edu.Arts@4b4523f8]" name="bEd" duration-ms="3" started-at="2021-12-29T02:09:46Z" finished-at="2021-12-29T02:09:46Z">
          <reporter-output>
          </reporter-output>
        </test-method> <!-- bEd -->
        <test-method status="PASS" signature="bEd()[pri:0, instance:org.edu.Arts@4b4523f8]" name="bEd" duration-ms="1" started-at="2021-12-29T02:09:46Z" finished-at="2021-12-29T02:09:46Z">
          <reporter-output>
          </reporter-output>
        </test-method> <!-- bEd -->
        <test-method status="PASS" signature="bsc()[pri:0, instance:org.edu.Arts@4b4523f8]" name="bsc" duration-ms="4" started-at="2021-12-29T02:09:46Z" finished-at="2021-12-29T02:09:46Z">
          <reporter-output>
          </reporter-output>
        </test-method> <!-- bsc -->
      </class> <!-- org.edu.Arts -->
    </test> <!-- Test3 -->
    <test name="Test4" duration-ms="80" started-at="2021-12-29T02:09:46Z" finished-at="2021-12-29T02:09:46Z">
      <class name="org.edu.Engineering">
        <test-method status="PASS" signature="bE()[pri:0, instance:org.edu.Engineering@1d16f93d]" name="bE" duration-ms="22" started-at="2021-12-29T02:09:46Z" finished-at="2021-12-29T02:09:46Z">
          <reporter-output>
          </reporter-output>
        </test-method> <!-- bE -->
        <test-method status="PASS" signature="bTech()[pri:0, instance:org.edu.Engineering@1d16f93d]" name="bTech" duration-ms="5" started-at="2021-12-29T02:09:46Z" finished-at="2021-12-29T02:09:46Z">
          <reporter-output>
          </reporter-output>
        </test-method> <!-- bTech -->
      </class> <!-- org.edu.Engineering -->
    </test> <!-- Test4 -->
    <test name="Test2" duration-ms="84" started-at="2021-12-29T02:09:46Z" finished-at="2021-12-29T02:09:46Z">
      <class name="org.edu.Medicine">
        <test-method status="PASS" signature="dental()[pri:0, instance:org.edu.Medicine@67784306]" name="dental" duration-ms="22" started-at="2021-12-29T02:09:46Z" finished-at="2021-12-29T02:09:46Z">
          <reporter-output>
          </reporter-output>
        </test-method> <!-- dental -->
        <test-method status="PASS" signature="mbbs()[pri:0, instance:org.edu.Medicine@67784306]" name="mbbs" duration-ms="4" started-at="2021-12-29T02:09:46Z" finished-at="2021-12-29T02:09:46Z">
          <reporter-output>
          </reporter-output>
        </test-method> <!-- mbbs -->
        <test-method status="PASS" signature="physio()[pri:0, instance:org.edu.Medicine@67784306]" name="physio" duration-ms="2" started-at="2021-12-29T02:09:46Z" finished-at="2021-12-29T02:09:46Z">
          <reporter-output>
          </reporter-output>
        </test-method> <!-- physio -->
      </class> <!-- org.edu.Medicine -->
    </test> <!-- Test2 -->
  </suite> <!-- Suite -->
</testng-results>
