<?xml version="1.0" encoding="UTF-8"?>
<!-- Generated by org.testng.reporters.JUnitXMLReporter -->
<testsuite hostname="DESKTOP-HA2OUC3" ignored="0" name="Default test" tests="3" failures="0" timestamp="14 Dec 2021 05:05:13 GMT" time="60.557" errors="0">
  <testcase name="tc1" time="59.777" classname="org.hexa.FacebookDataProvider"/>
  <testcase name="tc1" time="60.038" classname="org.hexa.FacebookDataProvider"/>
  <testcase name="tc1" time="60.268" classname="org.hexa.FacebookDataProvider"/>
</testsuite> <!-- Default test -->
