<?xml version="1.0" encoding="UTF-8"?>
<!-- Generated by org.testng.reporters.JUnitXMLReporter -->
<testsuite hostname="DESKTOP-HA2OUC3" ignored="0" name="Test" tests="35" failures="11" timestamp="16 Dec 2021 13:59:36 GMT" time="1.178" errors="0">
  <testcase name="tc10" time="0.051" classname="org.rerun.Sample"/>
  <testcase name="tc6" time="0.017" classname="org.rerun.Sample">
    <failure type="java.lang.AssertionError" message="expected [true] but found [false]">
      <![CDATA[java.lang.AssertionError: expected [true] but found [false]
at org.rerun.Sample.tc6(Sample.java:10)
... Removed 29 stack frames]]>
    </failure>
  </testcase> <!-- tc6 -->
  <testcase name="tc7" time="0.015" classname="org.rerun.Sample">
    <failure type="java.lang.AssertionError" message="expected [true] but found [false]">
      <![CDATA[java.lang.AssertionError: expected [true] but found [false]
at org.rerun.Sample.tc7(Sample.java:16)
... Removed 29 stack frames]]>
    </failure>
  </testcase> <!-- tc7 -->
  <testcase name="tc8" time="0.007" classname="org.rerun.Sample">
    <failure type="java.lang.AssertionError" message="expected [true] but found [false]">
      <![CDATA[java.lang.AssertionError: expected [true] but found [false]
at org.rerun.Sample.tc8(Sample.java:22)
... Removed 29 stack frames]]>
    </failure>
  </testcase> <!-- tc8 -->
  <testcase name="tc9" time="0.01" classname="org.rerun.Sample">
    <failure type="java.lang.AssertionError" message="expected [true] but found [false]">
      <![CDATA[java.lang.AssertionError: expected [true] but found [false]
at org.rerun.Sample.tc9(Sample.java:29)
... Removed 29 stack frames]]>
    </failure>
  </testcase> <!-- tc9 -->
  <testcase name="tc11" time="0.006" classname="org.rerun.Employee"/>
  <testcase name="tc12" time="0.007" classname="org.rerun.Employee">
    <failure type="java.lang.AssertionError" message="expected [true] but found [false]">
      <![CDATA[java.lang.AssertionError: expected [true] but found [false]
at org.rerun.Employee.tc12(Employee.java:14)
... Removed 29 stack frames]]>
    </failure>
  </testcase> <!-- tc12 -->
  <testcase name="tc13" time="0.007" classname="org.rerun.Employee">
    <skipped/>
  </testcase> <!-- tc13 -->
  <testcase name="tc13" time="0.01" classname="org.rerun.Employee">
    <skipped/>
  </testcase> <!-- tc13 -->
  <testcase name="tc13" time="0.012" classname="org.rerun.Employee">
    <skipped/>
  </testcase> <!-- tc13 -->
  <testcase name="tc13" time="0.011" classname="org.rerun.Employee">
    <skipped/>
  </testcase> <!-- tc13 -->
  <testcase name="tc13" time="0.008" classname="org.rerun.Employee">
    <skipped/>
  </testcase> <!-- tc13 -->
  <testcase name="tc13" time="0.006" classname="org.rerun.Employee">
    <failure type="java.lang.AssertionError" message="expected [true] but found [false]">
      <![CDATA[java.lang.AssertionError: expected [true] but found [false]
at org.rerun.Employee.tc13(Employee.java:21)
... Removed 29 stack frames]]>
    </failure>
  </testcase> <!-- tc13 -->
  <testcase name="tc14" time="0.012" classname="org.rerun.Employee">
    <skipped/>
  </testcase> <!-- tc14 -->
  <testcase name="tc14" time="0.004" classname="org.rerun.Employee">
    <skipped/>
  </testcase> <!-- tc14 -->
  <testcase name="tc14" time="0.004" classname="org.rerun.Employee">
    <skipped/>
  </testcase> <!-- tc14 -->
  <testcase name="tc14" time="0.009" classname="org.rerun.Employee">
    <skipped/>
  </testcase> <!-- tc14 -->
  <testcase name="tc14" time="0.011" classname="org.rerun.Employee">
    <skipped/>
  </testcase> <!-- tc14 -->
  <testcase name="tc14" time="0.008" classname="org.rerun.Employee">
    <failure type="java.lang.AssertionError" message="expected [true] but found [false]">
      <![CDATA[java.lang.AssertionError: expected [true] but found [false]
at org.rerun.Employee.tc14(Employee.java:28)
... Removed 29 stack frames]]>
    </failure>
  </testcase> <!-- tc14 -->
  <testcase name="tc15" time="0.004" classname="org.rerun.Employee"/>
  <testcase name="tc1" time="0.004" classname="org.rerun.Company">
    <skipped/>
  </testcase> <!-- tc1 -->
  <testcase name="tc1" time="0.017" classname="org.rerun.Company">
    <skipped/>
  </testcase> <!-- tc1 -->
  <testcase name="tc1" time="0.004" classname="org.rerun.Company">
    <skipped/>
  </testcase> <!-- tc1 -->
  <testcase name="tc1" time="0.024" classname="org.rerun.Company">
    <skipped/>
  </testcase> <!-- tc1 -->
  <testcase name="tc1" time="0.032" classname="org.rerun.Company">
    <skipped/>
  </testcase> <!-- tc1 -->
  <testcase name="tc1" time="0.004" classname="org.rerun.Company">
    <failure type="java.lang.AssertionError" message="expected [true] but found [false]">
      <![CDATA[java.lang.AssertionError: expected [true] but found [false]
at org.rerun.Company.tc1(Company.java:10)
... Removed 29 stack frames]]>
    </failure>
  </testcase> <!-- tc1 -->
  <testcase name="tc2" time="0.025" classname="org.rerun.Company">
    <failure type="java.lang.AssertionError" message="expected [true] but found [false]">
      <![CDATA[java.lang.AssertionError: expected [true] but found [false]
at org.rerun.Company.tc2(Company.java:16)
... Removed 29 stack frames]]>
    </failure>
  </testcase> <!-- tc2 -->
  <testcase name="tc3" time="0.011" classname="org.rerun.Company">
    <skipped/>
  </testcase> <!-- tc3 -->
  <testcase name="tc3" time="0.004" classname="org.rerun.Company">
    <skipped/>
  </testcase> <!-- tc3 -->
  <testcase name="tc3" time="0.012" classname="org.rerun.Company">
    <skipped/>
  </testcase> <!-- tc3 -->
  <testcase name="tc3" time="0.004" classname="org.rerun.Company">
    <skipped/>
  </testcase> <!-- tc3 -->
  <testcase name="tc3" time="0.011" classname="org.rerun.Company">
    <skipped/>
  </testcase> <!-- tc3 -->
  <testcase name="tc3" time="0.006" classname="org.rerun.Company">
    <failure type="java.lang.AssertionError" message="expected [true] but found [false]">
      <![CDATA[java.lang.AssertionError: expected [true] but found [false]
at org.rerun.Company.tc3(Company.java:22)
... Removed 29 stack frames]]>
    </failure>
  </testcase> <!-- tc3 -->
  <testcase name="tc4" time="0.003" classname="org.rerun.Company">
    <failure type="java.lang.AssertionError" message="expected [true] but found [false]">
      <![CDATA[java.lang.AssertionError: expected [true] but found [false]
at org.rerun.Company.tc4(Company.java:28)
... Removed 29 stack frames]]>
    </failure>
  </testcase> <!-- tc4 -->
  <testcase name="tc5" time="0.015" classname="org.rerun.Company"/>
</testsuite> <!-- Test -->
