<?xml version="1.0" encoding="UTF-8"?>
<!-- Generated by org.testng.reporters.JUnitXMLReporter -->
<testsuite hostname="DESKTOP-HA2OUC3" ignored="1" name="Test3" tests="7" failures="0" timestamp="29 Dec 2021 02:09:47 GMT" time="0.107" errors="0">
  <testcase name="bBA" time="0.022" classname="org.edu.Arts"/>
  <testcase name="bEd" time="0.01" classname="org.edu.Arts"/>
  <testcase name="bEd" time="0.002" classname="org.edu.Arts"/>
  <testcase name="bEd" time="0.002" classname="org.edu.Arts"/>
  <testcase name="bEd" time="0.003" classname="org.edu.Arts"/>
  <testcase name="bEd" time="0.001" classname="org.edu.Arts"/>
  <testcase name="bsc" time="0.004" classname="org.edu.Arts"/>
  <testcase name="bA" time="0.0" classname="org.edu.Arts">
    <ignored/>
  </testcase> <!-- bA -->
</testsuite> <!-- Test3 -->
